<?xml version="1.0" encoding="UTF-8"?>
<!-- Generated by org.testng.reporters.JUnitXMLReporter -->
<testsuite hostname="DESKTOP-H2GN6IE" ignored="0" name="Chrome Tests" tests="1" failures="0" timestamp="01 Dec 2020 18:14:13 GMT" time="1.597" errors="0">
  <testcase name="@BeforeSuite initDriver" time="10.969" classname="parasoft.BaseTest">
    <failure type="org.openqa.selenium.SessionNotCreatedException" message="session not created
from chrome not reachable
  (Session info: chrome=86.0.4240.198)
Build info: version: &amp;apos;3.141.59&amp;apos;, revision: &amp;apos;e82be7d358&amp;apos;, time: &amp;apos;2018-11-14T08:17:03&amp;apos;
System info: host: &amp;apos;DESKTOP-H2GN6IE&amp;apos;, ip: &amp;apos;192.168.0.22&amp;apos;, os.name: &amp;apos;Windows 10&amp;apos;, os.arch: &amp;apos;amd64&amp;apos;, os.version: &amp;apos;10.0&amp;apos;, java.version: &amp;apos;1.8.0_181&amp;apos;
Driver info: driver.version: ChromeDriver
remote stacktrace: Backtrace:
	Ordinal0 [0x0049C013+3194899]
	Ordinal0 [0x00386021+2056225]
	Ordinal0 [0x0021F4B0+586928]
	Ordinal0 [0x00215894+546964]
	Ordinal0 [0x00215F2C+548652]
	Ordinal0 [0x00217175+553333]
	Ordinal0 [0x0021241E+533534]
	Ordinal0 [0x00220620+591392]
	Ordinal0 [0x001C2A0C+207372]
	Ordinal0 [0x001C1D0D+204045]
	Ordinal0 [0x001BFC1B+195611]
	Ordinal0 [0x001A3B7F+80767]
	Ordinal0 [0x001A4B4E+84814]
	Ordinal0 [0x001A4AD9+84697]
	Ordinal0 [0x0039CE64+2149988]
	GetHandleVerifier [0x0060BE95+1400773]
	GetHandleVerifier [0x0060BB61+1399953]
	GetHandleVerifier [0x006131FA+1430314]
	GetHandleVerifier [0x0060C69F+1402831]
	Ordinal0 [0x00393D61+2112865]
	Ordinal0 [0x0039E5CB+2155979]
	Ordinal0 [0x0039E6F5+2156277]
	Ordinal0 [0x003AF26E+2224750]
	BaseThreadInitThunk [0x74F66359+25]
	RtlGetAppContainerNamedObjectPath [0x76FC7C24+228]
	RtlGetAppContainerNamedObjectPath [0x76FC7BF4+180]
">
      <![CDATA[org.openqa.selenium.SessionNotCreatedException: session not created
from chrome not reachable
  (Session info: chrome=86.0.4240.198)
Build info: version: '3.141.59', revision: 'e82be7d358', time: '2018-11-14T08:17:03'
System info: host: 'DESKTOP-H2GN6IE', ip: '192.168.0.22', os.name: 'Windows 10', os.arch: 'amd64', os.version: '10.0', java.version: '1.8.0_181'
Driver info: driver.version: ChromeDriver
remote stacktrace: Backtrace:
Ordinal0 [0x0049C013+3194899]
Ordinal0 [0x00386021+2056225]
Ordinal0 [0x0021F4B0+586928]
Ordinal0 [0x00215894+546964]
Ordinal0 [0x00215F2C+548652]
Ordinal0 [0x00217175+553333]
Ordinal0 [0x0021241E+533534]
Ordinal0 [0x00220620+591392]
Ordinal0 [0x001C2A0C+207372]
Ordinal0 [0x001C1D0D+204045]
Ordinal0 [0x001BFC1B+195611]
Ordinal0 [0x001A3B7F+80767]
Ordinal0 [0x001A4B4E+84814]
Ordinal0 [0x001A4AD9+84697]
Ordinal0 [0x0039CE64+2149988]
GetHandleVerifier [0x0060BE95+1400773]
GetHandleVerifier [0x0060BB61+1399953]
GetHandleVerifier [0x006131FA+1430314]
GetHandleVerifier [0x0060C69F+1402831]
Ordinal0 [0x00393D61+2112865]
Ordinal0 [0x0039E5CB+2155979]
Ordinal0 [0x0039E6F5+2156277]
Ordinal0 [0x003AF26E+2224750]
BaseThreadInitThunk [0x74F66359+25]
RtlGetAppContainerNamedObjectPath [0x76FC7C24+228]
RtlGetAppContainerNamedObjectPath [0x76FC7BF4+180]

at org.openqa.selenium.remote.W3CHandshakeResponse.lambda$errorHandler$0(W3CHandshakeResponse.java:62)
at org.openqa.selenium.remote.HandshakeResponse.lambda$getResponseFunction$0(HandshakeResponse.java:30)
at org.openqa.selenium.remote.ProtocolHandshake.lambda$createSession$0(ProtocolHandshake.java:126)
at java.util.stream.ReferencePipeline$3$1.accept(ReferencePipeline.java:193)
at java.util.Spliterators$ArraySpliterator.tryAdvance(Spliterators.java:958)
at java.util.stream.ReferencePipeline.forEachWithCancel(ReferencePipeline.java:126)
at java.util.stream.AbstractPipeline.copyIntoWithCancel(AbstractPipeline.java:498)
at java.util.stream.AbstractPipeline.copyInto(AbstractPipeline.java:485)
at java.util.stream.AbstractPipeline.wrapAndCopyInto(AbstractPipeline.java:471)
at java.util.stream.FindOps$FindOp.evaluateSequential(FindOps.java:152)
at java.util.stream.AbstractPipeline.evaluate(AbstractPipeline.java:234)
at java.util.stream.ReferencePipeline.findFirst(ReferencePipeline.java:464)
at org.openqa.selenium.remote.ProtocolHandshake.createSession(ProtocolHandshake.java:128)
at org.openqa.selenium.remote.ProtocolHandshake.createSession(ProtocolHandshake.java:74)
at org.openqa.selenium.remote.HttpCommandExecutor.execute(HttpCommandExecutor.java:136)
at org.openqa.selenium.remote.service.DriverCommandExecutor.execute(DriverCommandExecutor.java:83)
at org.openqa.selenium.remote.RemoteWebDriver.execute(RemoteWebDriver.java:552)
at org.openqa.selenium.remote.RemoteWebDriver.startSession(RemoteWebDriver.java:213)
at org.openqa.selenium.remote.RemoteWebDriver.<init>(RemoteWebDriver.java:131)
at org.openqa.selenium.chrome.ChromeDriver.<init>(ChromeDriver.java:181)
at org.openqa.selenium.chrome.ChromeDriver.<init>(ChromeDriver.java:168)
at org.openqa.selenium.chrome.ChromeDriver.<init>(ChromeDriver.java:123)
at parasoft.BaseTest.initDriver(BaseTest.java:29)
... Removed 24 stack frames]]>
    </failure>
  </testcase> <!-- @BeforeSuite initDriver -->
  <testcase name="@BeforeTest loadPropertiesFile" time="0.0" classname="parasoft.BaseTest">
    <skipped/>
  </testcase> <!-- @BeforeTest loadPropertiesFile -->
  <testcase name="@AfterTest Exitdriver" time="0.0" classname="parasoft.BaseTest">
    <skipped/>
  </testcase> <!-- @AfterTest Exitdriver -->
  <testcase name="TestRegisterPage" time="0.0" classname="parasoft.RegisterTest">
    <skipped/>
  </testcase> <!-- TestRegisterPage -->
</testsuite> <!-- Chrome Tests -->
